[5.880s] DEBUG:colcon:Command line arguments: ['/usr/bin/colcon', 'build']
[5.880s] DEBUG:colcon:Parsed command line arguments: Namespace(allow_overriding=[], ament_cmake_args=None, base_paths=['.'], build_base='build', catkin_cmake_args=None, catkin_skip_building_tests=False, cmake_args=None, cmake_clean_cache=False, cmake_clean_first=False, cmake_force_configure=False, cmake_target=None, cmake_target_skip_unavailable=False, continue_on_error=False, event_handlers=None, executor='parallel', ignore_user_meta=False, install_base='install', log_base=None, log_level=None, main=<bound method BuildVerb.main of <colcon_core.verb.build.BuildVerb object at 0x7fc315104d60>>, merge_install=False, metas=['./colcon.meta'], packages_above=None, packages_above_and_dependencies=None, packages_above_depth=None, packages_end=None, packages_ignore=None, packages_ignore_regex=None, packages_select=None, packages_select_build_failed=False, packages_select_by_dep=None, packages_select_regex=None, packages_select_test_failures=False, packages_skip=None, packages_skip_build_finished=False, packages_skip_by_dep=None, packages_skip_regex=None, packages_skip_test_passed=False, packages_skip_up_to=None, packages_start=None, packages_up_to=None, packages_up_to_regex=None, parallel_workers=6, paths=None, symlink_install=False, test_result_base=None, verb_extension=<colcon_core.verb.build.BuildVerb object at 0x7fc315104d60>, verb_name='build', verb_parser=<colcon_defaults.argument_parser.defaults.DefaultArgumentsDecorator object at 0x7fc314d80820>)
[6.165s] Level 1:colcon.colcon_core.package_discovery:discover_packages(colcon_meta) check parameters
[6.165s] Level 1:colcon.colcon_core.package_discovery:discover_packages(recursive) check parameters
[6.165s] Level 1:colcon.colcon_core.package_discovery:discover_packages(ignore) check parameters
[6.166s] Level 1:colcon.colcon_core.package_discovery:discover_packages(path) check parameters
[6.166s] Level 1:colcon.colcon_core.package_discovery:discover_packages(colcon_meta) discover
[6.166s] Level 1:colcon.colcon_core.package_discovery:discover_packages(recursive) discover
[6.166s] INFO:colcon.colcon_core.package_discovery:Crawling recursively for packages in '/home/alex/ares_ws'
[6.166s] Level 1:colcon.colcon_core.package_identification:_identify(.) by extensions ['ignore', 'ignore_ament_install']
[6.166s] Level 1:colcon.colcon_core.package_identification:_identify(.) by extension 'ignore'
[6.167s] Level 1:colcon.colcon_core.package_identification:_identify(.) by extension 'ignore_ament_install'
[6.167s] Level 1:colcon.colcon_core.package_identification:_identify(.) by extensions ['colcon_pkg']
[6.167s] Level 1:colcon.colcon_core.package_identification:_identify(.) by extension 'colcon_pkg'
[6.167s] Level 1:colcon.colcon_core.package_identification:_identify(.) by extensions ['colcon_meta']
[6.167s] Level 1:colcon.colcon_core.package_identification:_identify(.) by extension 'colcon_meta'
[6.167s] Level 1:colcon.colcon_core.package_identification:_identify(.) by extensions ['ros']
[6.167s] Level 1:colcon.colcon_core.package_identification:_identify(.) by extension 'ros'
[6.194s] Level 1:colcon.colcon_core.package_identification:_identify(.) by extensions ['cmake', 'python']
[6.194s] Level 1:colcon.colcon_core.package_identification:_identify(.) by extension 'cmake'
[6.194s] Level 1:colcon.colcon_core.package_identification:_identify(.) by extension 'python'
[6.194s] Level 1:colcon.colcon_core.package_identification:_identify(.) by extensions ['python_setup_py']
[6.194s] Level 1:colcon.colcon_core.package_identification:_identify(.) by extension 'python_setup_py'
[6.195s] Level 1:colcon.colcon_core.package_identification:_identify(build) by extensions ['ignore', 'ignore_ament_install']
[6.195s] Level 1:colcon.colcon_core.package_identification:_identify(build) by extension 'ignore'
[6.195s] Level 1:colcon.colcon_core.package_identification:_identify(build) ignored
[6.195s] Level 1:colcon.colcon_core.package_identification:_identify(install) by extensions ['ignore', 'ignore_ament_install']
[6.195s] Level 1:colcon.colcon_core.package_identification:_identify(install) by extension 'ignore'
[6.196s] Level 1:colcon.colcon_core.package_identification:_identify(install) ignored
[6.196s] Level 1:colcon.colcon_core.package_identification:_identify(log) by extensions ['ignore', 'ignore_ament_install']
[6.196s] Level 1:colcon.colcon_core.package_identification:_identify(log) by extension 'ignore'
[6.196s] Level 1:colcon.colcon_core.package_identification:_identify(log) ignored
[6.196s] Level 1:colcon.colcon_core.package_identification:_identify(src) by extensions ['ignore', 'ignore_ament_install']
[6.196s] Level 1:colcon.colcon_core.package_identification:_identify(src) by extension 'ignore'
[6.196s] Level 1:colcon.colcon_core.package_identification:_identify(src) by extension 'ignore_ament_install'
[6.197s] Level 1:colcon.colcon_core.package_identification:_identify(src) by extensions ['colcon_pkg']
[6.197s] Level 1:colcon.colcon_core.package_identification:_identify(src) by extension 'colcon_pkg'
[6.197s] Level 1:colcon.colcon_core.package_identification:_identify(src) by extensions ['colcon_meta']
[6.197s] Level 1:colcon.colcon_core.package_identification:_identify(src) by extension 'colcon_meta'
[6.197s] Level 1:colcon.colcon_core.package_identification:_identify(src) by extensions ['ros']
[6.197s] Level 1:colcon.colcon_core.package_identification:_identify(src) by extension 'ros'
[6.197s] Level 1:colcon.colcon_core.package_identification:_identify(src) by extensions ['cmake', 'python']
[6.197s] Level 1:colcon.colcon_core.package_identification:_identify(src) by extension 'cmake'
[6.197s] Level 1:colcon.colcon_core.package_identification:_identify(src) by extension 'python'
[6.197s] Level 1:colcon.colcon_core.package_identification:_identify(src) by extensions ['python_setup_py']
[6.197s] Level 1:colcon.colcon_core.package_identification:_identify(src) by extension 'python_setup_py'
[6.198s] Level 1:colcon.colcon_core.package_identification:_identify(src/ares_cad) by extensions ['ignore', 'ignore_ament_install']
[6.198s] Level 1:colcon.colcon_core.package_identification:_identify(src/ares_cad) by extension 'ignore'
[6.198s] Level 1:colcon.colcon_core.package_identification:_identify(src/ares_cad) by extension 'ignore_ament_install'
[6.198s] Level 1:colcon.colcon_core.package_identification:_identify(src/ares_cad) by extensions ['colcon_pkg']
[6.198s] Level 1:colcon.colcon_core.package_identification:_identify(src/ares_cad) by extension 'colcon_pkg'
[6.198s] Level 1:colcon.colcon_core.package_identification:_identify(src/ares_cad) by extensions ['colcon_meta']
[6.198s] Level 1:colcon.colcon_core.package_identification:_identify(src/ares_cad) by extension 'colcon_meta'
[6.199s] Level 1:colcon.colcon_core.package_identification:_identify(src/ares_cad) by extensions ['ros']
[6.199s] Level 1:colcon.colcon_core.package_identification:_identify(src/ares_cad) by extension 'ros'
[6.204s] DEBUG:colcon.colcon_core.package_identification:Package 'src/ares_cad' with type 'ros.ament_cmake' and name 'ares_cad'
[6.205s] Level 1:colcon.colcon_core.package_discovery:discover_packages(recursive) using defaults
[6.205s] Level 1:colcon.colcon_core.package_discovery:discover_packages(ignore) discover
[6.205s] Level 1:colcon.colcon_core.package_discovery:discover_packages(ignore) using defaults
[6.205s] Level 1:colcon.colcon_core.package_discovery:discover_packages(path) discover
[6.205s] Level 1:colcon.colcon_core.package_discovery:discover_packages(path) using defaults
[6.796s] Level 1:colcon.colcon_core.package_discovery:discover_packages(prefix_path) check parameters
[6.796s] Level 1:colcon.colcon_core.package_discovery:discover_packages(prefix_path) discover
[6.995s] DEBUG:colcon.colcon_installed_package_information.package_discovery:Found 260 installed packages in /opt/ros/foxy
[7.000s] Level 1:colcon.colcon_core.package_discovery:discover_packages(prefix_path) using defaults
[7.391s] Level 5:colcon.colcon_core.verb:set package 'ares_cad' build argument 'cmake_args' from command line to 'None'
[7.392s] Level 5:colcon.colcon_core.verb:set package 'ares_cad' build argument 'cmake_target' from command line to 'None'
[7.392s] Level 5:colcon.colcon_core.verb:set package 'ares_cad' build argument 'cmake_target_skip_unavailable' from command line to 'False'
[7.392s] Level 5:colcon.colcon_core.verb:set package 'ares_cad' build argument 'cmake_clean_cache' from command line to 'False'
[7.392s] Level 5:colcon.colcon_core.verb:set package 'ares_cad' build argument 'cmake_clean_first' from command line to 'False'
[7.392s] Level 5:colcon.colcon_core.verb:set package 'ares_cad' build argument 'cmake_force_configure' from command line to 'False'
[7.392s] Level 5:colcon.colcon_core.verb:set package 'ares_cad' build argument 'ament_cmake_args' from command line to 'None'
[7.392s] Level 5:colcon.colcon_core.verb:set package 'ares_cad' build argument 'catkin_cmake_args' from command line to 'None'
[7.392s] Level 5:colcon.colcon_core.verb:set package 'ares_cad' build argument 'catkin_skip_building_tests' from command line to 'False'
[7.392s] DEBUG:colcon.colcon_core.verb:Building package 'ares_cad' with the following arguments: {'ament_cmake_args': None, 'build_base': '/home/alex/ares_ws/build/ares_cad', 'catkin_cmake_args': None, 'catkin_skip_building_tests': False, 'cmake_args': None, 'cmake_clean_cache': False, 'cmake_clean_first': False, 'cmake_force_configure': False, 'cmake_target': None, 'cmake_target_skip_unavailable': False, 'install_base': '/home/alex/ares_ws/install/ares_cad', 'merge_install': False, 'path': '/home/alex/ares_ws/src/ares_cad', 'symlink_install': False, 'test_result_base': None}
[7.487s] INFO:colcon.colcon_core.executor:Executing jobs using 'parallel' executor
[7.583s] DEBUG:colcon.colcon_parallel_executor.executor.parallel:run_until_complete
[7.584s] INFO:colcon.colcon_ros.task.ament_cmake.build:Building ROS package in '/home/alex/ares_ws/src/ares_cad' with build type 'ament_cmake'
[7.584s] INFO:colcon.colcon_cmake.task.cmake.build:Building CMake package in '/home/alex/ares_ws/src/ares_cad'
[7.703s] INFO:colcon.colcon_core.plugin_system:Skipping extension 'colcon_core.shell.bat': Not used on non-Windows systems
[7.704s] INFO:colcon.colcon_core.shell:Skip shell extension 'powershell' for command environment: Not usable outside of PowerShell
[7.704s] DEBUG:colcon.colcon_core.shell:Skip shell extension 'dsv' for command environment
[7.964s] DEBUG:colcon.colcon_core.event_handler.log_command:Invoking command in '/home/alex/ares_ws/build/ares_cad': CMAKE_PREFIX_PATH=/opt/ros/foxy /usr/bin/cmake /home/alex/ares_ws/src/ares_cad -DCMAKE_INSTALL_PREFIX=/home/alex/ares_ws/install/ares_cad
[9.817s] DEBUG:colcon.colcon_core.event_handler.log_command:Invoked command in '/home/alex/ares_ws/build/ares_cad' returned '0': CMAKE_PREFIX_PATH=/opt/ros/foxy /usr/bin/cmake /home/alex/ares_ws/src/ares_cad -DCMAKE_INSTALL_PREFIX=/home/alex/ares_ws/install/ares_cad
[9.825s] DEBUG:colcon.colcon_core.event_handler.log_command:Invoking command in '/home/alex/ares_ws/build/ares_cad': CMAKE_PREFIX_PATH=/opt/ros/foxy /usr/bin/cmake --build /home/alex/ares_ws/build/ares_cad -- -j6 -l6
[10.109s] DEBUG:colcon.colcon_core.event_handler.log_command:Invoked command in '/home/alex/ares_ws/build/ares_cad' returned '0': CMAKE_PREFIX_PATH=/opt/ros/foxy /usr/bin/cmake --build /home/alex/ares_ws/build/ares_cad -- -j6 -l6
[10.186s] DEBUG:colcon.colcon_core.event_handler.log_command:Invoking command in '/home/alex/ares_ws/build/ares_cad': CMAKE_PREFIX_PATH=/opt/ros/foxy /usr/bin/cmake --install /home/alex/ares_ws/build/ares_cad
[10.211s] Level 1:colcon.colcon_core.environment:create_environment_scripts_only(ares_cad)
[10.212s] DEBUG:colcon.colcon_core.event_handler.log_command:Invoked command in '/home/alex/ares_ws/build/ares_cad' returned '0': CMAKE_PREFIX_PATH=/opt/ros/foxy /usr/bin/cmake --install /home/alex/ares_ws/build/ares_cad
[10.322s] Level 1:colcon.colcon_core.environment:checking '/home/alex/ares_ws/install/ares_cad' for CMake module files
[10.323s] Level 1:colcon.colcon_core.environment:checking '/home/alex/ares_ws/install/ares_cad' for CMake config files
[10.323s] Level 1:colcon.colcon_core.shell:create_environment_hook('ares_cad', 'cmake_prefix_path')
[10.430s] INFO:colcon.colcon_core.shell:Creating environment hook '/home/alex/ares_ws/install/ares_cad/share/ares_cad/hook/cmake_prefix_path.ps1'
[10.432s] INFO:colcon.colcon_core.shell:Creating environment descriptor '/home/alex/ares_ws/install/ares_cad/share/ares_cad/hook/cmake_prefix_path.dsv'
[10.433s] INFO:colcon.colcon_core.shell:Creating environment hook '/home/alex/ares_ws/install/ares_cad/share/ares_cad/hook/cmake_prefix_path.sh'
[10.435s] Level 1:colcon.colcon_core.environment:checking '/home/alex/ares_ws/install/ares_cad/lib'
[10.436s] Level 1:colcon.colcon_core.environment:checking '/home/alex/ares_ws/install/ares_cad/bin'
[10.436s] Level 1:colcon.colcon_core.environment:checking '/home/alex/ares_ws/install/ares_cad/lib/pkgconfig/ares_cad.pc'
[10.437s] Level 1:colcon.colcon_core.environment:checking '/home/alex/ares_ws/install/ares_cad/lib/python3.8/site-packages'
[10.437s] Level 1:colcon.colcon_core.environment:checking '/home/alex/ares_ws/install/ares_cad/bin'
[10.548s] INFO:colcon.colcon_core.shell:Creating package script '/home/alex/ares_ws/install/ares_cad/share/ares_cad/package.ps1'
[10.551s] INFO:colcon.colcon_core.shell:Creating package descriptor '/home/alex/ares_ws/install/ares_cad/share/ares_cad/package.dsv'
[10.552s] INFO:colcon.colcon_core.shell:Creating package script '/home/alex/ares_ws/install/ares_cad/share/ares_cad/package.sh'
[10.554s] INFO:colcon.colcon_core.shell:Creating package script '/home/alex/ares_ws/install/ares_cad/share/ares_cad/package.bash'
[10.556s] INFO:colcon.colcon_core.shell:Creating package script '/home/alex/ares_ws/install/ares_cad/share/ares_cad/package.zsh'
[10.558s] Level 1:colcon.colcon_core.environment:create_file_with_runtime_dependencies(/home/alex/ares_ws/install/ares_cad/share/colcon-core/packages/ares_cad)
[10.710s] Level 1:colcon.colcon_core.environment:create_environment_scripts_only(ares_cad)
[10.822s] Level 1:colcon.colcon_core.environment:checking '/home/alex/ares_ws/install/ares_cad' for CMake module files
[10.823s] Level 1:colcon.colcon_core.environment:checking '/home/alex/ares_ws/install/ares_cad' for CMake config files
[10.824s] Level 1:colcon.colcon_core.shell:create_environment_hook('ares_cad', 'cmake_prefix_path')
[10.914s] INFO:colcon.colcon_core.shell:Creating environment hook '/home/alex/ares_ws/install/ares_cad/share/ares_cad/hook/cmake_prefix_path.ps1'
[10.916s] INFO:colcon.colcon_core.shell:Creating environment descriptor '/home/alex/ares_ws/install/ares_cad/share/ares_cad/hook/cmake_prefix_path.dsv'
[10.917s] INFO:colcon.colcon_core.shell:Creating environment hook '/home/alex/ares_ws/install/ares_cad/share/ares_cad/hook/cmake_prefix_path.sh'
[10.919s] Level 1:colcon.colcon_core.environment:checking '/home/alex/ares_ws/install/ares_cad/lib'
[10.919s] Level 1:colcon.colcon_core.environment:checking '/home/alex/ares_ws/install/ares_cad/bin'
[10.919s] Level 1:colcon.colcon_core.environment:checking '/home/alex/ares_ws/install/ares_cad/lib/pkgconfig/ares_cad.pc'
[10.920s] Level 1:colcon.colcon_core.environment:checking '/home/alex/ares_ws/install/ares_cad/lib/python3.8/site-packages'
[10.920s] Level 1:colcon.colcon_core.environment:checking '/home/alex/ares_ws/install/ares_cad/bin'
[11.008s] INFO:colcon.colcon_core.shell:Creating package script '/home/alex/ares_ws/install/ares_cad/share/ares_cad/package.ps1'
[11.009s] INFO:colcon.colcon_core.shell:Creating package descriptor '/home/alex/ares_ws/install/ares_cad/share/ares_cad/package.dsv'
[11.011s] INFO:colcon.colcon_core.shell:Creating package script '/home/alex/ares_ws/install/ares_cad/share/ares_cad/package.sh'
[11.012s] INFO:colcon.colcon_core.shell:Creating package script '/home/alex/ares_ws/install/ares_cad/share/ares_cad/package.bash'
[11.013s] INFO:colcon.colcon_core.shell:Creating package script '/home/alex/ares_ws/install/ares_cad/share/ares_cad/package.zsh'
[11.014s] Level 1:colcon.colcon_core.environment:create_file_with_runtime_dependencies(/home/alex/ares_ws/install/ares_cad/share/colcon-core/packages/ares_cad)
[11.015s] DEBUG:colcon.colcon_parallel_executor.executor.parallel:closing loop
[11.016s] DEBUG:colcon.colcon_parallel_executor.executor.parallel:loop closed
[11.016s] DEBUG:colcon.colcon_parallel_executor.executor.parallel:run_until_complete finished with '0'
[11.016s] DEBUG:colcon.colcon_core.event_reactor:joining thread
[11.134s] INFO:colcon.colcon_core.plugin_system:Skipping extension 'colcon_notification.desktop_notification.terminal_notifier': Not used on non-Darwin systems
[11.135s] INFO:colcon.colcon_core.plugin_system:Skipping extension 'colcon_notification.desktop_notification.win32': Not used on non-Windows systems
[11.135s] INFO:colcon.colcon_notification.desktop_notification:Sending desktop notification using 'notify2'
[11.169s] DEBUG:colcon.colcon_core.event_reactor:joined thread
[11.289s] INFO:colcon.colcon_core.shell:Creating prefix script '/home/alex/ares_ws/install/local_setup.ps1'
[11.292s] INFO:colcon.colcon_core.shell:Creating prefix util module '/home/alex/ares_ws/install/_local_setup_util_ps1.py'
[11.297s] INFO:colcon.colcon_core.shell:Creating prefix chain script '/home/alex/ares_ws/install/setup.ps1'
[11.416s] INFO:colcon.colcon_core.shell:Creating prefix script '/home/alex/ares_ws/install/local_setup.sh'
[11.418s] INFO:colcon.colcon_core.shell:Creating prefix util module '/home/alex/ares_ws/install/_local_setup_util_sh.py'
[11.419s] INFO:colcon.colcon_core.shell:Creating prefix chain script '/home/alex/ares_ws/install/setup.sh'
[11.514s] INFO:colcon.colcon_core.shell:Creating prefix script '/home/alex/ares_ws/install/local_setup.bash'
[11.515s] INFO:colcon.colcon_core.shell:Creating prefix chain script '/home/alex/ares_ws/install/setup.bash'
[11.622s] INFO:colcon.colcon_core.shell:Creating prefix script '/home/alex/ares_ws/install/local_setup.zsh'
[11.624s] INFO:colcon.colcon_core.shell:Creating prefix chain script '/home/alex/ares_ws/install/setup.zsh'
