-- The C compiler identification is GNU 9.4.0
-- The CXX compiler identification is GNU 9.4.0
-- Check for working C compiler: /usr/bin/cc
-- Check for working C compiler: /usr/bin/cc -- works
-- Detecting C compiler ABI info
-- Detecting C compiler ABI info - done
-- Detecting C compile features
-- Detecting C compile features - done
-- Check for working CXX compiler: /usr/bin/c++
-- Check for working CXX compiler: /usr/bin/c++ -- works
-- Detecting CXX compiler ABI info
-- Detecting CXX compiler ABI info - done
-- Detecting CXX compile features
-- Detecting CXX compile features - done
-- Found ament_cmake: 0.9.12 (/opt/ros/foxy/share/ament_cmake/cmake)
-- Found PythonInterp: /usr/bin/python3 (found suitable version "3.8.10", minimum required is "3") 
-- Using PYTHON_EXECUTABLE: /usr/bin/python3
-- Found ament_lint_auto: 0.9.8 (/opt/ros/foxy/share/ament_lint_auto/cmake)
-- Added test 'copyright' to check source files copyright and LICENSE
-- Added test 'cppcheck' to perform static code analysis on C / C++ code
-- Configured cppcheck include dirs: $<BUILD_INTERFACE:/home/alex/ares_ws/src/ares_cad/include>
-- Configured cppcheck exclude dirs and/or files: 
-- Added test 'cpplint' to check C / C++ code against the Google style
-- Configured cpplint exclude dirs and/or files: 
-- Added test 'lint_cmake' to check CMake code style
-- Added test 'uncrustify' to check C / C++ code style
-- Configured uncrustify additional arguments: 
-- Added test 'xmllint' to check XML markup files
-- Configuring done
-- Generating done
-- Build files have been written to: /home/alex/ares_ws/build/ares_cad
[35m[1mScanning dependencies of target my_node[0m
[ 50%] [32mBuilding CXX object CMakeFiles/my_node.dir/src/my_node.cpp.o[0m
[100%] [32m[1mLinking CXX executable my_node[0m
[100%] Built target my_node
-- Install configuration: ""
-- Installing: /home/alex/ares_ws/install/ares_cad/lib/ares_cad/my_node
-- Installing: /home/alex/ares_ws/install/ares_cad/share/ament_index/resource_index/package_run_dependencies/ares_cad
-- Installing: /home/alex/ares_ws/install/ares_cad/share/ament_index/resource_index/parent_prefix_path/ares_cad
-- Installing: /home/alex/ares_ws/install/ares_cad/share/ares_cad/environment/ament_prefix_path.sh
-- Installing: /home/alex/ares_ws/install/ares_cad/share/ares_cad/environment/ament_prefix_path.dsv
-- Installing: /home/alex/ares_ws/install/ares_cad/share/ares_cad/environment/path.sh
-- Installing: /home/alex/ares_ws/install/ares_cad/share/ares_cad/environment/path.dsv
-- Installing: /home/alex/ares_ws/install/ares_cad/share/ares_cad/local_setup.bash
-- Installing: /home/alex/ares_ws/install/ares_cad/share/ares_cad/local_setup.sh
-- Installing: /home/alex/ares_ws/install/ares_cad/share/ares_cad/local_setup.zsh
-- Installing: /home/alex/ares_ws/install/ares_cad/share/ares_cad/local_setup.dsv
-- Installing: /home/alex/ares_ws/install/ares_cad/share/ares_cad/package.dsv
-- Installing: /home/alex/ares_ws/install/ares_cad/share/ament_index/resource_index/packages/ares_cad
-- Installing: /home/alex/ares_ws/install/ares_cad/share/ares_cad/cmake/ares_cadConfig.cmake
-- Installing: /home/alex/ares_ws/install/ares_cad/share/ares_cad/cmake/ares_cadConfig-version.cmake
-- Installing: /home/alex/ares_ws/install/ares_cad/share/ares_cad/package.xml
