[0.379s] Invoking command in '/home/alex/ares_ws/build/ares_cad': CMAKE_PREFIX_PATH=/opt/ros/foxy /usr/bin/cmake /home/alex/ares_ws/src/ares_cad -DCMAKE_INSTALL_PREFIX=/home/alex/ares_ws/install/ares_cad
[0.513s] -- The C compiler identification is GNU 9.4.0
[0.642s] -- The CXX compiler identification is GNU 9.4.0
[0.653s] -- Check for working C compiler: /usr/bin/cc
[0.834s] -- Check for working C compiler: /usr/bin/cc -- works
[0.837s] -- Detecting C compiler ABI info
[1.011s] -- Detecting C compiler ABI info - done
[1.045s] -- Detecting C compile features
[1.046s] -- Detecting C compile features - done
[1.051s] -- Check for working CXX compiler: /usr/bin/c++
[1.216s] -- Check for working CXX compiler: /usr/bin/c++ -- works
[1.219s] -- Detecting CXX compiler ABI info
[1.400s] -- Detecting CXX compiler ABI info - done
[1.432s] -- Detecting CXX compile features
[1.433s] -- Detecting CXX compile features - done
[1.437s] -- Found ament_cmake: 0.9.12 (/opt/ros/foxy/share/ament_cmake/cmake)
[1.500s] -- Found PythonInterp: /usr/bin/python3 (found suitable version "3.8.10", minimum required is "3") 
[1.501s] -- Using PYTHON_EXECUTABLE: /usr/bin/python3
[2.018s] -- Found ament_lint_auto: 0.9.8 (/opt/ros/foxy/share/ament_lint_auto/cmake)
[2.199s] -- Added test 'copyright' to check source files copyright and LICENSE
[2.201s] -- Added test 'cppcheck' to perform static code analysis on C / C++ code
[2.202s] -- Configured cppcheck include dirs: $<BUILD_INTERFACE:/home/alex/ares_ws/src/ares_cad/include>
[2.202s] -- Configured cppcheck exclude dirs and/or files: 
[2.204s] -- Added test 'cpplint' to check C / C++ code against the Google style
[2.205s] -- Configured cpplint exclude dirs and/or files: 
[2.206s] -- Added test 'lint_cmake' to check CMake code style
[2.208s] -- Added test 'uncrustify' to check C / C++ code style
[2.209s] -- Configured uncrustify additional arguments: 
[2.210s] -- Added test 'xmllint' to check XML markup files
[2.214s] -- Configuring done
[2.221s] -- Generating done
[2.225s] -- Build files have been written to: /home/alex/ares_ws/build/ares_cad
[2.232s] Invoked command in '/home/alex/ares_ws/build/ares_cad' returned '0': CMAKE_PREFIX_PATH=/opt/ros/foxy /usr/bin/cmake /home/alex/ares_ws/src/ares_cad -DCMAKE_INSTALL_PREFIX=/home/alex/ares_ws/install/ares_cad
[2.240s] Invoking command in '/home/alex/ares_ws/build/ares_cad': CMAKE_PREFIX_PATH=/opt/ros/foxy /usr/bin/cmake --build /home/alex/ares_ws/build/ares_cad -- -j6 -l6
[2.320s] [35m[1mScanning dependencies of target my_node[0m
[2.341s] [ 50%] [32mBuilding CXX object CMakeFiles/my_node.dir/src/my_node.cpp.o[0m
[2.406s] [100%] [32m[1mLinking CXX executable my_node[0m
[2.502s] [100%] Built target my_node
[2.524s] Invoked command in '/home/alex/ares_ws/build/ares_cad' returned '0': CMAKE_PREFIX_PATH=/opt/ros/foxy /usr/bin/cmake --build /home/alex/ares_ws/build/ares_cad -- -j6 -l6
[2.601s] Invoking command in '/home/alex/ares_ws/build/ares_cad': CMAKE_PREFIX_PATH=/opt/ros/foxy /usr/bin/cmake --install /home/alex/ares_ws/build/ares_cad
[2.618s] -- Install configuration: ""
[2.618s] -- Installing: /home/alex/ares_ws/install/ares_cad/lib/ares_cad/my_node
[2.619s] -- Installing: /home/alex/ares_ws/install/ares_cad/share/ament_index/resource_index/package_run_dependencies/ares_cad
[2.619s] -- Installing: /home/alex/ares_ws/install/ares_cad/share/ament_index/resource_index/parent_prefix_path/ares_cad
[2.619s] -- Installing: /home/alex/ares_ws/install/ares_cad/share/ares_cad/environment/ament_prefix_path.sh
[2.620s] -- Installing: /home/alex/ares_ws/install/ares_cad/share/ares_cad/environment/ament_prefix_path.dsv
[2.620s] -- Installing: /home/alex/ares_ws/install/ares_cad/share/ares_cad/environment/path.sh
[2.620s] -- Installing: /home/alex/ares_ws/install/ares_cad/share/ares_cad/environment/path.dsv
[2.620s] -- Installing: /home/alex/ares_ws/install/ares_cad/share/ares_cad/local_setup.bash
[2.621s] -- Installing: /home/alex/ares_ws/install/ares_cad/share/ares_cad/local_setup.sh
[2.621s] -- Installing: /home/alex/ares_ws/install/ares_cad/share/ares_cad/local_setup.zsh
[2.621s] -- Installing: /home/alex/ares_ws/install/ares_cad/share/ares_cad/local_setup.dsv
[2.621s] -- Installing: /home/alex/ares_ws/install/ares_cad/share/ares_cad/package.dsv
[2.622s] -- Installing: /home/alex/ares_ws/install/ares_cad/share/ament_index/resource_index/packages/ares_cad
[2.622s] -- Installing: /home/alex/ares_ws/install/ares_cad/share/ares_cad/cmake/ares_cadConfig.cmake
[2.622s] -- Installing: /home/alex/ares_ws/install/ares_cad/share/ares_cad/cmake/ares_cadConfig-version.cmake
[2.623s] -- Installing: /home/alex/ares_ws/install/ares_cad/share/ares_cad/package.xml
[2.627s] Invoked command in '/home/alex/ares_ws/build/ares_cad' returned '0': CMAKE_PREFIX_PATH=/opt/ros/foxy /usr/bin/cmake --install /home/alex/ares_ws/build/ares_cad
